
Source file: L6_3.X68
Assembled on: 16-10-26 at: 19:33:23
          by: X68K PC-2.2 Copyright (c) University of Teesside 1989,96
Defaults: ORG $0/FORMAT/OPT A,BRL,CEX,CL,FRL,MC,MD,NOMEX,NOPCO

    1                        *Lab6_3.x68: Christian Cornelis
    2                          
    3  00008000                        ORG       $8000
    4  00008000 41F900009000 START:    LEA       MATRIX,A0
    5  00008006 4280                   CLR.L     D0
    6  00008008 4281                   CLR.L     D1
    7  0000800A 4282                   CLR.L     D2
    8  0000800C 4283                   CLR.L     D3
    9  0000800E 4284                   CLR.L     D4
   10  00008010 0C000002     FOR1:     CMPI.B    #2,D0                 ;;seeing if D0 is 2
   11  00008014 6E000034               BGT       EXIT                  ;;branch to exit
   12  00008018 1200                   MOVE.B    D0,D1
   13  0000801A 5201                   ADD.B     #1,D1                 ;;moving i to D1 and then adding 1
   14  0000801C 0C010003     FOR2:     CMPI.B    #3,D1                 ;;seeing if j is 3
   15  00008020 6E000024               BGT       ITERATEI              ;;branching to i iteration
   16  00008024 1600                   MOVE.B    D0,D3
   17  00008026 C7FC0004               MULS      #4,D3                 ;;row x number of columns
   18  0000802A D601                   ADD.B     D1,D3
   19  0000802C 14303800               MOVE.B    (A0,D3.L),D2          ;;moving number to D2
   20  00008030 1801                   MOVE.B    D1,D4                 ;;move D1 to D4
   21  00008032 C9FC0004               MULS      #4,D4
   22  00008036 D800                   ADD.B     D0,D4
   23  00008038 11B048003800           MOVE.B    (A0,D4.L),(A0,D3.L)
   24  0000803E 11824800               MOVE.B    D2,(A0,D4.L)
   25  00008042 5201                   ADD.B     #1,D1
   26  00008044 60D6                   BRA       FOR2
   27  00008046 5200         ITERATEI: ADD.B     #1,D0
   28  00008048 60C6                   BRA       FOR1
   29  0000804A 4E4E         EXIT:     TRAP      #14
   30                              
   31  00009000                        ORG       $9000
   32  00009000 01020304     MATRIX:   DC.B      1,2,3,4
   33  00009004 05060708               DC.B      5,6,7,8
   34  00009008 090A0B0C               DC.B      9,10,11,12
   35  0000900C 0D0E0F10               DC.B      13,14,15,16
   36           00008000               END       START

Lines: 36, Errors: 0, Warnings: 0.
