
Source file: A5Q8.X68
Assembled on: 16-11-16 at: 19:37:45
          by: X68K PC-2.2 Copyright (c) University of Teesside 1989,96
Defaults: ORG $0/FORMAT/OPT A,BRL,CEX,CL,FRL,MC,MD,NOMEX,NOPCO

    1  00008000                        ORG       $8000
    2  00008000 4FF900009000 MAIN:     LEA       $9000,SP
    3  00008006 3F3C04D2               MOVE.W    #1234,-(SP)
    4  0000800A 61000008               BSR       DISPLAY
    5  0000800E 4FEF0002               LEA       2(SP),SP
    6  00008012 4E4E                   TRAP      #14
    7  00008014 4E56FFFC     DISPLAY:  LINK      A6,#-4
    8  00008018 48E78000               MOVEM.L   D0,-(SP)
    9  0000801C 4280                   CLR.L     D0
   10  0000801E 302E0008               MOVE.W    8(A6),D0
   11  00008022 81FC000A               DIVS      #10,D0
   12  00008026 3D40FFFC               MOVE.W    D0,-4(A6)             ;;moving quotient
   13  0000802A 4840                   SWAP      D0                    ;;swapping D0
   14  0000802C 3D40FFFE               MOVE.W    D0,-2(A6)             ;;moving remainder
   15  00008030 0C6E0000FFFC           CMPI.W    #0,-4(A6)
   16  00008036 6700000C               BEQ       ELSE
   17  0000803A 3F2EFFFC               MOVE.W    -4(A6),-(SP)
   18  0000803E 61D4                   BSR       DISPLAY
   19  00008040 4FEF0002               LEA       2(SP),SP
   20  00008044 4281         ELSE:     CLR.L     D1
   21  00008046 302EFFFE               MOVE.W    -2(A6),D0
   22  0000804A 06000030               ADD.B     #$30,D0               ;;converting to ASCII
   23  0000804E 4E41                   TRAP      #1                    ;;printing what's in D1
   24  00008050 4CDF0001               MOVEM.L   (SP)+,D0
   25  00008054 4E5E                   UNLK      A6
   26  00008056 4E75                   RTS       
   27           00008000               END       MAIN

Lines: 27, Errors: 0, Warnings: 0.
