
Source file: Q1.X68
Assembled on: 16-11-23 at: 17:38:56
          by: X68K PC-2.2 Copyright (c) University of Teesside 1989,96
Defaults: ORG $0/FORMAT/OPT A,BRL,CEX,CL,FRL,MC,MD,NOMEX,NOPCO

    1           0000C001     DUART:    EQU       $C001
    2           00000002     SRA:      EQU       2
    3           00000006     TBA:      EQU       6
    4           0000000D     CR:       EQU       $0D
    5           0000000A     LF:       EQU       $0A
    6                        
    7  00008000                        ORG       $8000
    8  00008000 227C00008036 MESSAGE:  MOVEA.L   #TEXT,A1
    9  00008006 61000004               BSR       PRINT
   10  0000800A 4E4E                   TRAP      #14
   11                         
   12  0000800C 2F00         PRINT:    MOVE.L    D0,-(A7)
   13  0000800E 1019         OUTSTR:   MOVE.B    (A1)+,D0
   14  00008010 67000020               BEQ       EXIT
   15  00008014 2F08                   MOVE.L    A0,-(A7)
   16  00008016 3F07                   MOVE.W    D7,-(A7)
   17  00008018 207C0000C001           MOVEA.L   #DUART,A0
   18  0000801E 1E280002     OUTCHR:   MOVE.B    SRA(A0),D7
   19  00008022 02070004               ANDI.B    #4,D7
   20  00008026 67F6                   BEQ       OUTCHR
   21  00008028 11400006               MOVE.B    D0,TBA(A0)
   22  0000802C 3E1F                   MOVE.W    (A7)+,D7
   23  0000802E 205F                   MOVE.L    (A7)+,A0
   24  00008030 60DC                   BRA       OUTSTR
   25  00008032 201F         EXIT:     MOVE.L    (A7)+,D0
   26  00008034 4E75                   RTS       
   27                                
   28  00008036 0D0A4179206C TEXT:     DC.B      CR,LF,'Ay lmao',0
                6D616F00    
   29           00008000               END       MESSAGE

Lines: 29, Errors: 0, Warnings: 0.
